2025-04-09 16:20:20.356357 - Received CBT.V508.FILE1052.PDS from FILE1052.XMI 
2025-04-09 16:20:20.359159 - Found $$$#DATE.txt (text/plain) in CBT.V508.FILE1052.PDS, moved to PDS/$$$#DATE
2025-04-09 16:20:20.359827 - Found $$STORY.txt (text/plain) in CBT.V508.FILE1052.PDS, moved to PDS/$$STORY
2025-04-09 16:20:20.360517 - Found @FIL1052.txt (text/plain) in CBT.V508.FILE1052.PDS, moved to PDS/@FIL1052
2025-04-09 16:20:20.361096 - Found DVAT.txt (text/plain) in CBT.V508.FILE1052.PDS, moved to PDS/DVAT
2025-04-09 16:20:20.361730 - Found DVAT$.jcl (text/plain) in CBT.V508.FILE1052.PDS, moved to PDS/DVAT$
2025-04-09 16:20:20.362337 - Found TSOB.rexx (text/plain) in CBT.V508.FILE1052.PDS, moved to PDS/TSOB
2025-04-09 16:20:20.362859 - Found TSOE.rexx (text/plain) in CBT.V508.FILE1052.PDS, moved to PDS/TSOE
2025-04-09 16:20:20.363408 - Found TSOR.rexx (text/plain) in CBT.V508.FILE1052.PDS, moved to PDS/TSOR
2025-04-09 16:20:20.364007 - Found TSOV.rexx (text/plain) in CBT.V508.FILE1052.PDS, moved to PDS/TSOV
2025-04-09 16:20:20.364686 - Found UCBDASD.txt (text/plain) in CBT.V508.FILE1052.PDS, moved to PDS/UCBDASD
2025-04-09 16:20:20.365451 - Found UCBDASD$.jcl (text/plain) in CBT.V508.FILE1052.PDS, moved to PDS/UCBDASD$
2025-04-09 16:20:20.366120 - Found UCBPRIA.txt (text/plain) in CBT.V508.FILE1052.PDS, moved to PDS/UCBPRIA
2025-04-09 16:20:20.366782 - Found UCBPRIA$.jcl (text/plain) in CBT.V508.FILE1052.PDS, moved to PDS/UCBPRIA$
2025-04-09 16:20:20.367382 - Found UCBPRIV.txt (text/plain) in CBT.V508.FILE1052.PDS, moved to PDS/UCBPRIV
2025-04-09 16:20:20.368067 - Found UCBPRIV$.jcl (text/plain) in CBT.V508.FILE1052.PDS, moved to PDS/UCBPRIV$
2025-04-09 16:20:20.368621 - Found UCBPRIV#.txt (text/plain) in CBT.V508.FILE1052.PDS, moved to PDS/UCBPRIV#
2025-04-09 16:20:20.369262 - Found UCBPUBL.txt (text/plain) in CBT.V508.FILE1052.PDS, moved to PDS/UCBPUBL
2025-04-09 16:20:20.369903 - Found UCBPUBL$.jcl (text/plain) in CBT.V508.FILE1052.PDS, moved to PDS/UCBPUBL$
2025-04-09 16:20:20.370486 - Found UCBPUBL#.txt (text/plain) in CBT.V508.FILE1052.PDS, moved to PDS/UCBPUBL#
2025-04-09 16:20:20.371120 - Found UCBSTOR.txt (text/plain) in CBT.V508.FILE1052.PDS, moved to PDS/UCBSTOR
2025-04-09 16:20:20.371680 - Found UCBSTOR$.jcl (text/plain) in CBT.V508.FILE1052.PDS, moved to PDS/UCBSTOR$
2025-04-09 16:20:20.372225 - Found UCBSTOR#.txt (text/plain) in CBT.V508.FILE1052.PDS, moved to PDS/UCBSTOR#
